<?xml version="1.0" encoding="UTF-8"?>
<testng-results skipped="0" failed="2" ignored="0" total="25" passed="23">
  <reporter-output>
  </reporter-output>
  <suite name="Suite" duration-ms="142964" started-at="2019-11-21T11:02:49 IST" finished-at="2019-11-21T11:05:12 IST">
    <groups>
    </groups>
    <test name="Login_Page" duration-ms="25951" started-at="2019-11-21T11:02:49 IST" finished-at="2019-11-21T11:03:15 IST">
      <class name="cases.Ready2Teach.Login_page">
        <test-method status="PASS" signature="basePageNavigation()[pri:0, instance:cases.Ready2Teach.Login_page@35d176f7]" name="basePageNavigation" is-config="true" duration-ms="7466" started-at="2019-11-21T11:02:49 IST" finished-at="2019-11-21T11:02:56 IST">
          <reporter-output>
          </reporter-output>
        </test-method> <!-- basePageNavigation -->
        <test-method status="PASS" signature="Email_PasswordErr(java.lang.String, java.lang.String)[pri:0, instance:cases.Ready2Teach.Login_page@35d176f7]" name="Email_PasswordErr" duration-ms="5355" started-at="2019-11-21T11:02:56 IST" data-provider="getLoginError" finished-at="2019-11-21T11:03:01 IST">
          <params>
            <param index="0">
              <value>
                <![CDATA[2211ragini@gmail.com]]>
              </value>
            </param>
            <param index="1">
              <value>
                <![CDATA[Ragini123]]>
              </value>
            </param>
          </params>
          <reporter-output>
          </reporter-output>
        </test-method> <!-- Email_PasswordErr -->
        <test-method status="PASS" signature="EmailloginErr()[pri:0, instance:cases.Ready2Teach.Login_page@35d176f7]" name="EmailloginErr" duration-ms="888" started-at="2019-11-21T11:03:01 IST" finished-at="2019-11-21T11:03:02 IST">
          <reporter-output>
          </reporter-output>
        </test-method> <!-- EmailloginErr -->
        <test-method status="PASS" signature="loginErr()[pri:0, instance:cases.Ready2Teach.Login_page@35d176f7]" name="loginErr" duration-ms="820" started-at="2019-11-21T11:03:02 IST" finished-at="2019-11-21T11:03:03 IST">
          <reporter-output>
          </reporter-output>
        </test-method> <!-- loginErr -->
        <test-method status="PASS" signature="loginPage(java.lang.String, java.lang.String)[pri:0, instance:cases.Ready2Teach.Login_page@35d176f7]" name="loginPage" duration-ms="6917" started-at="2019-11-21T11:03:03 IST" data-provider="getdata" finished-at="2019-11-21T11:03:10 IST">
          <params>
            <param index="0">
              <value>
                <![CDATA[2211ragini@gmail.com]]>
              </value>
            </param>
            <param index="1">
              <value>
                <![CDATA[test123@r2t]]>
              </value>
            </param>
          </params>
          <reporter-output>
          </reporter-output>
        </test-method> <!-- loginPage -->
        <test-method status="FAIL" signature="testRembrMe(java.lang.String, java.lang.String)[pri:0, instance:cases.Ready2Teach.Login_page@35d176f7]" name="testRembrMe" duration-ms="4336" started-at="2019-11-21T11:03:10 IST" data-provider="getdata" finished-at="2019-11-21T11:03:14 IST">
          <params>
            <param index="0">
              <value>
                <![CDATA[2211ragini@gmail.com]]>
              </value>
            </param>
            <param index="1">
              <value>
                <![CDATA[test123@r2t]]>
              </value>
            </param>
          </params>
          <exception class="java.lang.AssertionError">
            <message>
              <![CDATA[expected:<2211ragini@gmail.com> but was:<>]]>
            </message>
            <full-stacktrace>
              <![CDATA[java.lang.AssertionError: expected:<2211ragini@gmail.com> but was:<>
at org.testng.AssertJUnit.assertEquals(AssertJUnit.java:82)
at org.testng.AssertJUnit.assertEquals(AssertJUnit.java:87)
at cases.Ready2Teach.Login_page.testRembrMe(Login_page.java:89)
at sun.reflect.NativeMethodAccessorImpl.invoke0(Native Method)
at sun.reflect.NativeMethodAccessorImpl.invoke(NativeMethodAccessorImpl.java:62)
at sun.reflect.DelegatingMethodAccessorImpl.invoke(DelegatingMethodAccessorImpl.java:43)
at java.lang.reflect.Method.invoke(Method.java:498)
at org.testng.internal.MethodInvocationHelper.invokeMethod(MethodInvocationHelper.java:133)
at org.testng.internal.TestInvoker.invokeMethod(TestInvoker.java:584)
at org.testng.internal.TestInvoker.invokeTestMethod(TestInvoker.java:172)
at org.testng.internal.MethodRunner.runInSequence(MethodRunner.java:46)
at org.testng.internal.TestInvoker$MethodInvocationAgent.invoke(TestInvoker.java:804)
at org.testng.internal.TestInvoker.invokeTestMethods(TestInvoker.java:145)
at org.testng.internal.TestMethodWorker.invokeTestMethods(TestMethodWorker.java:146)
at org.testng.internal.TestMethodWorker.run(TestMethodWorker.java:128)
at java.util.ArrayList.forEach(ArrayList.java:1257)
at org.testng.TestRunner.privateRun(TestRunner.java:770)
at org.testng.TestRunner.run(TestRunner.java:591)
at org.testng.SuiteRunner.runTest(SuiteRunner.java:402)
at org.testng.SuiteRunner.runSequentially(SuiteRunner.java:396)
at org.testng.SuiteRunner.privateRun(SuiteRunner.java:355)
at org.testng.SuiteRunner.run(SuiteRunner.java:304)
at org.testng.SuiteRunnerWorker.runSuite(SuiteRunnerWorker.java:53)
at org.testng.SuiteRunnerWorker.run(SuiteRunnerWorker.java:96)
at org.testng.TestNG.runSuitesSequentially(TestNG.java:1180)
at org.testng.TestNG.runSuitesLocally(TestNG.java:1102)
at org.testng.TestNG.runSuites(TestNG.java:1032)
at org.testng.TestNG.run(TestNG.java:1000)
at org.testng.remote.AbstractRemoteTestNG.run(AbstractRemoteTestNG.java:115)
at org.testng.remote.RemoteTestNG.initAndRun(RemoteTestNG.java:251)
at org.testng.remote.RemoteTestNG.main(RemoteTestNG.java:77)
]]>
            </full-stacktrace>
          </exception> <!-- java.lang.AssertionError -->
          <reporter-output>
          </reporter-output>
        </test-method> <!-- testRembrMe -->
        <test-method status="PASS" signature="closedriver()[pri:0, instance:cases.Ready2Teach.Login_page@35d176f7]" name="closedriver" is-config="true" duration-ms="81" started-at="2019-11-21T11:03:14 IST" finished-at="2019-11-21T11:03:15 IST">
          <reporter-output>
          </reporter-output>
        </test-method> <!-- closedriver -->
      </class> <!-- cases.Ready2Teach.Login_page -->
    </test> <!-- Login_Page -->
    <test name="School_Register" duration-ms="36090" started-at="2019-11-21T11:03:15 IST" finished-at="2019-11-21T11:03:51 IST">
      <class name="cases.Ready2Teach.School_Register">
        <test-method status="PASS" signature="basePageNavigation()[pri:0, instance:cases.Ready2Teach.School_Register@3fd7a715]" name="basePageNavigation" is-config="true" duration-ms="388" started-at="2019-11-21T11:03:15 IST" finished-at="2019-11-21T11:03:15 IST">
          <reporter-output>
          </reporter-output>
        </test-method> <!-- basePageNavigation -->
        <test-method status="PASS" signature="cnfmPwdMatch()[pri:0, instance:cases.Ready2Teach.School_Register@3fd7a715]" name="cnfmPwdMatch" duration-ms="7244" started-at="2019-11-21T11:03:15 IST" finished-at="2019-11-21T11:03:22 IST">
          <reporter-output>
          </reporter-output>
        </test-method> <!-- cnfmPwdMatch -->
        <test-method status="PASS" signature="cnfmPwdMatchErr()[pri:0, instance:cases.Ready2Teach.School_Register@3fd7a715]" name="cnfmPwdMatchErr" duration-ms="4473" started-at="2019-11-21T11:03:22 IST" finished-at="2019-11-21T11:03:27 IST">
          <reporter-output>
          </reporter-output>
        </test-method> <!-- cnfmPwdMatchErr -->
        <test-method status="PASS" signature="pwdLengthErr()[pri:0, instance:cases.Ready2Teach.School_Register@3fd7a715]" name="pwdLengthErr" duration-ms="2662" started-at="2019-11-21T11:03:27 IST" finished-at="2019-11-21T11:03:29 IST">
          <reporter-output>
          </reporter-output>
        </test-method> <!-- pwdLengthErr -->
        <test-method status="PASS" signature="schoolRegFormfill()[pri:0, instance:cases.Ready2Teach.School_Register@3fd7a715]" name="schoolRegFormfill" duration-ms="10965" started-at="2019-11-21T11:03:29 IST" finished-at="2019-11-21T11:03:40 IST">
          <reporter-output>
          </reporter-output>
        </test-method> <!-- schoolRegFormfill -->
        <test-method status="PASS" signature="subsregerror()[pri:0, instance:cases.Ready2Teach.School_Register@3fd7a715]" name="subsregerror" duration-ms="5487" started-at="2019-11-21T11:03:40 IST" finished-at="2019-11-21T11:03:46 IST">
          <reporter-output>
          </reporter-output>
        </test-method> <!-- subsregerror -->
        <test-method status="PASS" signature="validemailErr()[pri:0, instance:cases.Ready2Teach.School_Register@3fd7a715]" name="validemailErr" duration-ms="4654" started-at="2019-11-21T11:03:46 IST" finished-at="2019-11-21T11:03:50 IST">
          <reporter-output>
          </reporter-output>
        </test-method> <!-- validemailErr -->
        <test-method status="PASS" signature="closedriver()[pri:0, instance:cases.Ready2Teach.School_Register@3fd7a715]" name="closedriver" is-config="true" duration-ms="199" started-at="2019-11-21T11:03:50 IST" finished-at="2019-11-21T11:03:51 IST">
          <reporter-output>
          </reporter-output>
        </test-method> <!-- closedriver -->
      </class> <!-- cases.Ready2Teach.School_Register -->
    </test> <!-- School_Register -->
    <test name="SubsRegis" duration-ms="45878" started-at="2019-11-21T11:03:51 IST" finished-at="2019-11-21T11:04:37 IST">
      <class name="cases.Ready2Teach.SubsRegis">
        <test-method status="PASS" signature="basePageNavigation()[pri:0, instance:cases.Ready2Teach.SubsRegis@64729b1e]" name="basePageNavigation" is-config="true" duration-ms="447" started-at="2019-11-21T11:03:51 IST" finished-at="2019-11-21T11:03:51 IST">
          <reporter-output>
          </reporter-output>
        </test-method> <!-- basePageNavigation -->
        <test-method status="PASS" signature="EmailIdErr(java.lang.String, java.lang.String)[pri:0, instance:cases.Ready2Teach.SubsRegis@64729b1e]" name="EmailIdErr" duration-ms="5988" started-at="2019-11-21T11:03:51 IST" data-provider="EmailCheck" finished-at="2019-11-21T11:03:57 IST">
          <params>
            <param index="0">
              <value>
                <![CDATA[Rachna]]>
              </value>
            </param>
            <param index="1">
              <value>
                <![CDATA[Rachna]]>
              </value>
            </param>
          </params>
          <reporter-output>
          </reporter-output>
        </test-method> <!-- EmailIdErr -->
        <test-method status="PASS" signature="FinalTest(java.lang.String, java.lang.String, java.lang.String, java.lang.String, java.lang.String, java.lang.String)[pri:0, instance:cases.Ready2Teach.SubsRegis@64729b1e]" name="FinalTest" duration-ms="10237" started-at="2019-11-21T11:03:57 IST" data-provider="signupData" finished-at="2019-11-21T11:04:07 IST">
          <params>
            <param index="0">
              <value>
                <![CDATA[Rachna]]>
              </value>
            </param>
            <param index="1">
              <value>
                <![CDATA[Rachna@rajasoal.online]]>
              </value>
            </param>
            <param index="2">
              <value>
                <![CDATA[5646545644]]>
              </value>
            </param>
            <param index="3">
              <value>
                <![CDATA[Rachna@raja]]>
              </value>
            </param>
            <param index="4">
              <value>
                <![CDATA[Rachna@raja]]>
              </value>
            </param>
            <param index="5">
              <value>
                <![CDATA[Alabama, Autauga]]>
              </value>
            </param>
          </params>
          <reporter-output>
          </reporter-output>
        </test-method> <!-- FinalTest -->
        <test-method status="PASS" signature="InstructorSelectAll(java.lang.String, java.lang.String, java.lang.String, java.lang.String, java.lang.String)[pri:0, instance:cases.Ready2Teach.SubsRegis@64729b1e]" name="InstructorSelectAll" duration-ms="4409" started-at="2019-11-21T11:04:07 IST" data-provider="SelectAll" finished-at="2019-11-21T11:04:12 IST">
          <params>
            <param index="0">
              <value>
                <![CDATA[Rachna]]>
              </value>
            </param>
            <param index="1">
              <value>
                <![CDATA[Rachna@rajasoal.online]]>
              </value>
            </param>
            <param index="2">
              <value>
                <![CDATA[5646545644]]>
              </value>
            </param>
            <param index="3">
              <value>
                <![CDATA[Rachna@raja]]>
              </value>
            </param>
            <param index="4">
              <value>
                <![CDATA[Rachna@raja]]>
              </value>
            </param>
          </params>
          <reporter-output>
          </reporter-output>
        </test-method> <!-- InstructorSelectAll -->
        <test-method status="PASS" signature="PasswordErrs(java.lang.String, java.lang.String, java.lang.String, java.lang.String)[pri:0, instance:cases.Ready2Teach.SubsRegis@64729b1e]" name="PasswordErrs" duration-ms="3178" started-at="2019-11-21T11:04:12 IST" data-provider="passwrdErr1" finished-at="2019-11-21T11:04:15 IST">
          <params>
            <param index="0">
              <value>
                <![CDATA[Rachna]]>
              </value>
            </param>
            <param index="1">
              <value>
                <![CDATA[Rachna@rajasoal.online]]>
              </value>
            </param>
            <param index="2">
              <value>
                <![CDATA[5646545644]]>
              </value>
            </param>
            <param index="3">
              <value>
                <![CDATA[rachna]]>
              </value>
            </param>
          </params>
          <reporter-output>
          </reporter-output>
        </test-method> <!-- PasswordErrs -->
        <test-method status="PASS" signature="PasswordvalidErr(java.lang.String, java.lang.String, java.lang.String, java.lang.String)[pri:0, instance:cases.Ready2Teach.SubsRegis@64729b1e]" name="PasswordvalidErr" duration-ms="3063" started-at="2019-11-21T11:04:15 IST" data-provider="passwordErr" finished-at="2019-11-21T11:04:18 IST">
          <params>
            <param index="0">
              <value>
                <![CDATA[Rachna]]>
              </value>
            </param>
            <param index="1">
              <value>
                <![CDATA[Rachna@rajasoal.online]]>
              </value>
            </param>
            <param index="2">
              <value>
                <![CDATA[5646545644]]>
              </value>
            </param>
            <param index="3">
              <value>
                <![CDATA[Rachna@]]>
              </value>
            </param>
          </params>
          <reporter-output>
          </reporter-output>
        </test-method> <!-- PasswordvalidErr -->
        <test-method status="PASS" signature="SubInstructorSelectAll(java.lang.String, java.lang.String, java.lang.String, java.lang.String, java.lang.String)[pri:0, instance:cases.Ready2Teach.SubsRegis@64729b1e]" name="SubInstructorSelectAll" duration-ms="5024" started-at="2019-11-21T11:04:18 IST" data-provider="SelectAll" finished-at="2019-11-21T11:04:23 IST">
          <params>
            <param index="0">
              <value>
                <![CDATA[Rachna]]>
              </value>
            </param>
            <param index="1">
              <value>
                <![CDATA[Rachna@rajasoal.online]]>
              </value>
            </param>
            <param index="2">
              <value>
                <![CDATA[5646545644]]>
              </value>
            </param>
            <param index="3">
              <value>
                <![CDATA[Rachna@raja]]>
              </value>
            </param>
            <param index="4">
              <value>
                <![CDATA[Rachna@raja]]>
              </value>
            </param>
          </params>
          <reporter-output>
          </reporter-output>
        </test-method> <!-- SubInstructorSelectAll -->
        <test-method status="PASS" signature="SubsCounty(java.lang.String, java.lang.String, java.lang.String, java.lang.String, java.lang.String, java.lang.String)[pri:0, instance:cases.Ready2Teach.SubsRegis@64729b1e]" name="SubsCounty" duration-ms="7738" started-at="2019-11-21T11:04:23 IST" data-provider="signupData" finished-at="2019-11-21T11:04:31 IST">
          <params>
            <param index="0">
              <value>
                <![CDATA[Rachna]]>
              </value>
            </param>
            <param index="1">
              <value>
                <![CDATA[Rachna@rajasoal.online]]>
              </value>
            </param>
            <param index="2">
              <value>
                <![CDATA[5646545644]]>
              </value>
            </param>
            <param index="3">
              <value>
                <![CDATA[Rachna@raja]]>
              </value>
            </param>
            <param index="4">
              <value>
                <![CDATA[Rachna@raja]]>
              </value>
            </param>
            <param index="5">
              <value>
                <![CDATA[Alabama, Autauga]]>
              </value>
            </param>
          </params>
          <reporter-output>
          </reporter-output>
        </test-method> <!-- SubsCounty -->
        <test-method status="PASS" signature="SubsRegis_Err()[pri:0, instance:cases.Ready2Teach.SubsRegis@64729b1e]" name="SubsRegis_Err" duration-ms="2844" started-at="2019-11-21T11:04:31 IST" finished-at="2019-11-21T11:04:34 IST">
          <reporter-output>
          </reporter-output>
        </test-method> <!-- SubsRegis_Err -->
        <test-method status="PASS" signature="cnfrmPasswordErr(java.lang.String, java.lang.String, java.lang.String, java.lang.String, java.lang.String)[pri:0, instance:cases.Ready2Teach.SubsRegis@64729b1e]" name="cnfrmPasswordErr" duration-ms="2779" started-at="2019-11-21T11:04:34 IST" data-provider="cnfrmpwd" finished-at="2019-11-21T11:04:36 IST">
          <params>
            <param index="0">
              <value>
                <![CDATA[Rachna]]>
              </value>
            </param>
            <param index="1">
              <value>
                <![CDATA[Rachna@rajasoal.online]]>
              </value>
            </param>
            <param index="2">
              <value>
                <![CDATA[5646545644]]>
              </value>
            </param>
            <param index="3">
              <value>
                <![CDATA[Rachna@raja]]>
              </value>
            </param>
            <param index="4">
              <value>
                <![CDATA[Rachna]]>
              </value>
            </param>
          </params>
          <reporter-output>
          </reporter-output>
        </test-method> <!-- cnfrmPasswordErr -->
        <test-method status="PASS" signature="closedriver()[pri:0, instance:cases.Ready2Teach.SubsRegis@64729b1e]" name="closedriver" is-config="true" duration-ms="156" started-at="2019-11-21T11:04:36 IST" finished-at="2019-11-21T11:04:37 IST">
          <reporter-output>
          </reporter-output>
        </test-method> <!-- closedriver -->
      </class> <!-- cases.Ready2Teach.SubsRegis -->
    </test> <!-- SubsRegis -->
    <test name="ForgetPassword" duration-ms="34948" started-at="2019-11-21T11:04:37 IST" finished-at="2019-11-21T11:05:12 IST">
      <class name="cases.Ready2Teach.ForgetPassword">
        <test-method status="PASS" signature="basePageNavigation()[pri:0, instance:cases.Ready2Teach.ForgetPassword@396f6598]" name="basePageNavigation" is-config="true" duration-ms="423" started-at="2019-11-21T11:04:37 IST" finished-at="2019-11-21T11:04:37 IST">
          <reporter-output>
          </reporter-output>
        </test-method> <!-- basePageNavigation -->
        <test-method status="PASS" signature="ForgetPwdSchoolRegis()[pri:0, instance:cases.Ready2Teach.ForgetPassword@396f6598]" name="ForgetPwdSchoolRegis" duration-ms="5253" started-at="2019-11-21T11:04:37 IST" finished-at="2019-11-21T11:04:42 IST">
          <reporter-output>
          </reporter-output>
        </test-method> <!-- ForgetPwdSchoolRegis -->
        <test-method status="PASS" signature="ForgetPwdSubsRegis()[pri:0, instance:cases.Ready2Teach.ForgetPassword@396f6598]" name="ForgetPwdSubsRegis" duration-ms="2074" started-at="2019-11-21T11:04:42 IST" finished-at="2019-11-21T11:04:44 IST">
          <reporter-output>
          </reporter-output>
        </test-method> <!-- ForgetPwdSubsRegis -->
        <test-method status="PASS" signature="Forget_SignIn()[pri:0, instance:cases.Ready2Teach.ForgetPassword@396f6598]" name="Forget_SignIn" duration-ms="814" started-at="2019-11-21T11:04:44 IST" finished-at="2019-11-21T11:04:45 IST">
          <reporter-output>
          </reporter-output>
        </test-method> <!-- Forget_SignIn -->
        <test-method status="PASS" signature="forgetPasswordErr()[pri:0, instance:cases.Ready2Teach.ForgetPassword@396f6598]" name="forgetPasswordErr" duration-ms="866" started-at="2019-11-21T11:04:45 IST" finished-at="2019-11-21T11:04:46 IST">
          <reporter-output>
          </reporter-output>
        </test-method> <!-- forgetPasswordErr -->
        <test-method status="FAIL" signature="forgetPwd(java.lang.String, java.lang.String, java.lang.String, java.lang.String, java.lang.String)[pri:0, instance:cases.Ready2Teach.ForgetPassword@396f6598]" name="forgetPwd" duration-ms="25405" started-at="2019-11-21T11:04:46 IST" data-provider="getForgetPasswordData" finished-at="2019-11-21T11:05:11 IST">
          <params>
            <param index="0">
              <value>
                <![CDATA[2211ragini@gmail.com]]>
              </value>
            </param>
            <param index="1">
              <value>
                <![CDATA[2211Ragini@gmail.com]]>
              </value>
            </param>
            <param index="2">
              <value>
                <![CDATA[Raginibisht@2019]]>
              </value>
            </param>
            <param index="3">
              <value>
                <![CDATA[Raginibisht*2019]]>
              </value>
            </param>
            <param index="4">
              <value>
                <![CDATA[Raginibisht*2019]]>
              </value>
            </param>
          </params>
          <exception class="org.openqa.selenium.NoSuchElementException">
            <message>
              <![CDATA[no such element: Unable to locate element: {"method":"xpath","selector":"//span[@class='im'] //a"}
  (Session info: chrome=78.0.3904.87)
For documentation on this error, please visit: https://www.seleniumhq.org/exceptions/no_such_element.html
Build info: version: '3.141.59', revision: 'e82be7d358', time: '2018-11-14T08:17:03'
System info: host: 'webric103-Vostro-3470', ip: '127.0.1.1', os.name: 'Linux', os.arch: 'amd64', os.version: '4.15.0-65-generic', java.version: '1.8.0_222'
Driver info: org.openqa.selenium.chrome.ChromeDriver
Capabilities {acceptInsecureCerts: false, browserName: chrome, browserVersion: 78.0.3904.87, chrome: {chromedriverVersion: 78.0.3904.70 (edb9c9f3de024..., userDataDir: /tmp/.com.google.Chrome.9cI0w5}, goog:chromeOptions: {debuggerAddress: localhost:36903}, javascriptEnabled: true, networkConnectionEnabled: false, pageLoadStrategy: normal, platform: LINUX, platformName: LINUX, proxy: Proxy(), setWindowRect: true, strictFileInteractability: false, timeouts: {implicit: 0, pageLoad: 300000, script: 30000}, unhandledPromptBehavior: dismiss and notify}
Session ID: 898015763e4ae9090e24ac7a4d0a2350
*** Element info: {Using=xpath, value=//span[@class='im'] //a}]]>
            </message>
            <full-stacktrace>
              <![CDATA[org.openqa.selenium.NoSuchElementException: no such element: Unable to locate element: {"method":"xpath","selector":"//span[@class='im'] //a"}
  (Session info: chrome=78.0.3904.87)
For documentation on this error, please visit: https://www.seleniumhq.org/exceptions/no_such_element.html
Build info: version: '3.141.59', revision: 'e82be7d358', time: '2018-11-14T08:17:03'
System info: host: 'webric103-Vostro-3470', ip: '127.0.1.1', os.name: 'Linux', os.arch: 'amd64', os.version: '4.15.0-65-generic', java.version: '1.8.0_222'
Driver info: org.openqa.selenium.chrome.ChromeDriver
Capabilities {acceptInsecureCerts: false, browserName: chrome, browserVersion: 78.0.3904.87, chrome: {chromedriverVersion: 78.0.3904.70 (edb9c9f3de024..., userDataDir: /tmp/.com.google.Chrome.9cI0w5}, goog:chromeOptions: {debuggerAddress: localhost:36903}, javascriptEnabled: true, networkConnectionEnabled: false, pageLoadStrategy: normal, platform: LINUX, platformName: LINUX, proxy: Proxy(), setWindowRect: true, strictFileInteractability: false, timeouts: {implicit: 0, pageLoad: 300000, script: 30000}, unhandledPromptBehavior: dismiss and notify}
Session ID: 898015763e4ae9090e24ac7a4d0a2350
*** Element info: {Using=xpath, value=//span[@class='im'] //a}
at sun.reflect.NativeConstructorAccessorImpl.newInstance0(Native Method)
at sun.reflect.NativeConstructorAccessorImpl.newInstance(NativeConstructorAccessorImpl.java:62)
at sun.reflect.DelegatingConstructorAccessorImpl.newInstance(DelegatingConstructorAccessorImpl.java:45)
at java.lang.reflect.Constructor.newInstance(Constructor.java:423)
at org.openqa.selenium.remote.http.W3CHttpResponseCodec.createException(W3CHttpResponseCodec.java:187)
at org.openqa.selenium.remote.http.W3CHttpResponseCodec.decode(W3CHttpResponseCodec.java:122)
at org.openqa.selenium.remote.http.W3CHttpResponseCodec.decode(W3CHttpResponseCodec.java:49)
at org.openqa.selenium.remote.HttpCommandExecutor.execute(HttpCommandExecutor.java:158)
at org.openqa.selenium.remote.service.DriverCommandExecutor.execute(DriverCommandExecutor.java:83)
at org.openqa.selenium.remote.RemoteWebDriver.execute(RemoteWebDriver.java:552)
at org.openqa.selenium.remote.RemoteWebDriver.findElement(RemoteWebDriver.java:323)
at org.openqa.selenium.remote.RemoteWebDriver.findElementByXPath(RemoteWebDriver.java:428)
at org.openqa.selenium.By$ByXPath.findElement(By.java:353)
at org.openqa.selenium.remote.RemoteWebDriver.findElement(RemoteWebDriver.java:315)
at cases.Ready2Teach.ForgetPassword.forgetPwd(ForgetPassword.java:100)
at sun.reflect.NativeMethodAccessorImpl.invoke0(Native Method)
at sun.reflect.NativeMethodAccessorImpl.invoke(NativeMethodAccessorImpl.java:62)
at sun.reflect.DelegatingMethodAccessorImpl.invoke(DelegatingMethodAccessorImpl.java:43)
at java.lang.reflect.Method.invoke(Method.java:498)
at org.testng.internal.MethodInvocationHelper.invokeMethod(MethodInvocationHelper.java:133)
at org.testng.internal.TestInvoker.invokeMethod(TestInvoker.java:584)
at org.testng.internal.TestInvoker.invokeTestMethod(TestInvoker.java:172)
at org.testng.internal.MethodRunner.runInSequence(MethodRunner.java:46)
at org.testng.internal.TestInvoker$MethodInvocationAgent.invoke(TestInvoker.java:804)
at org.testng.internal.TestInvoker.invokeTestMethods(TestInvoker.java:145)
at org.testng.internal.TestMethodWorker.invokeTestMethods(TestMethodWorker.java:146)
at org.testng.internal.TestMethodWorker.run(TestMethodWorker.java:128)
at java.util.ArrayList.forEach(ArrayList.java:1257)
at org.testng.TestRunner.privateRun(TestRunner.java:770)
at org.testng.TestRunner.run(TestRunner.java:591)
at org.testng.SuiteRunner.runTest(SuiteRunner.java:402)
at org.testng.SuiteRunner.runSequentially(SuiteRunner.java:396)
at org.testng.SuiteRunner.privateRun(SuiteRunner.java:355)
at org.testng.SuiteRunner.run(SuiteRunner.java:304)
at org.testng.SuiteRunnerWorker.runSuite(SuiteRunnerWorker.java:53)
at org.testng.SuiteRunnerWorker.run(SuiteRunnerWorker.java:96)
at org.testng.TestNG.runSuitesSequentially(TestNG.java:1180)
at org.testng.TestNG.runSuitesLocally(TestNG.java:1102)
at org.testng.TestNG.runSuites(TestNG.java:1032)
at org.testng.TestNG.run(TestNG.java:1000)
at org.testng.remote.AbstractRemoteTestNG.run(AbstractRemoteTestNG.java:115)
at org.testng.remote.RemoteTestNG.initAndRun(RemoteTestNG.java:251)
at org.testng.remote.RemoteTestNG.main(RemoteTestNG.java:77)
]]>
            </full-stacktrace>
          </exception> <!-- org.openqa.selenium.NoSuchElementException -->
          <reporter-output>
          </reporter-output>
        </test-method> <!-- forgetPwd -->
        <test-method status="PASS" signature="closedriver()[pri:0, instance:cases.Ready2Teach.ForgetPassword@396f6598]" name="closedriver" is-config="true" duration-ms="107" started-at="2019-11-21T11:05:11 IST" finished-at="2019-11-21T11:05:12 IST">
          <reporter-output>
          </reporter-output>
        </test-method> <!-- closedriver -->
      </class> <!-- cases.Ready2Teach.ForgetPassword -->
    </test> <!-- ForgetPassword -->
  </suite> <!-- Suite -->
</testng-results>
