<?xml version="1.0" encoding="UTF-8"?>
<!-- Generated by org.testng.reporters.JUnitXMLReporter -->
<testsuite hostname="webric103-Vostro-3470" ignored="0" name="Login_Page" tests="5" failures="1" timestamp="2019-11-21T11:03:15 IST" time="25.951" errors="0">
  <testcase name="Email_PasswordErr" time="5.355" classname="cases.Ready2Teach.Login_page"/>
  <testcase name="EmailloginErr" time="0.888" classname="cases.Ready2Teach.Login_page"/>
  <testcase name="loginErr" time="0.82" classname="cases.Ready2Teach.Login_page"/>
  <testcase name="loginPage" time="6.917" classname="cases.Ready2Teach.Login_page"/>
  <testcase name="testRembrMe" time="4.336" classname="cases.Ready2Teach.Login_page">
    <failure type="java.lang.AssertionError" message="expected:&amp;lt;2211ragini@gmail.com&amp;gt; but was:&amp;lt;&amp;gt;">
      <![CDATA[java.lang.AssertionError: expected:<2211ragini@gmail.com> but was:<>
at cases.Ready2Teach.Login_page.testRembrMe(Login_page.java:89)
at java.util.ArrayList.forEach(ArrayList.java:1257)
... Removed 29 stack frames]]>
    </failure>
  </testcase> <!-- testRembrMe -->
</testsuite> <!-- Login_Page -->
